#! /usr/bin/vvp
:ivl_version "11.0 (stable)";
:ivl_delay_selection "TYPICAL";
:vpi_time_precision + 0;
:vpi_module "/usr/lib/x86_64-linux-gnu/ivl/system.vpi";
:vpi_module "/usr/lib/x86_64-linux-gnu/ivl/vhdl_sys.vpi";
:vpi_module "/usr/lib/x86_64-linux-gnu/ivl/vhdl_textio.vpi";
:vpi_module "/usr/lib/x86_64-linux-gnu/ivl/v2005_math.vpi";
:vpi_module "/usr/lib/x86_64-linux-gnu/ivl/va_math.vpi";
S_0x55b5d1651dc0 .scope module, "counter" "counter" 2 1;
 .timescale 0 0;
    .port_info 0 /INPUT 1 "clk";
    .port_info 1 /OUTPUT 6 "led";
P_0x55b5d1651f50 .param/l "WAIT_TIME" 1 2 7, +C4<00000000110011011111111001100000>;
L_0x55b5d169ac00 .functor BUFZ 6, v0x55b5d169aac0_0, C4<000000>, C4<000000>, C4<000000>;
o0x7f56a8443018 .functor BUFZ 1, C4<z>; HiZ drive
v0x55b5d1652010_0 .net "clk", 0 0, o0x7f56a8443018;  0 drivers
v0x55b5d169a8f0_0 .var "clockCounter", 23 0;
v0x55b5d169a9d0_0 .net "led", 5 0, L_0x55b5d169ac00;  1 drivers
v0x55b5d169aac0_0 .var "ledCounter", 5 0;
E_0x55b5d168acc0 .event posedge, v0x55b5d1652010_0;
    .scope S_0x55b5d1651dc0;
T_0 ;
    %pushi/vec4 0, 0, 6;
    %store/vec4 v0x55b5d169aac0_0, 0, 6;
    %pushi/vec4 0, 0, 24;
    %store/vec4 v0x55b5d169a8f0_0, 0, 24;
    %end;
    .thread T_0;
    .scope S_0x55b5d1651dc0;
T_1 ;
    %wait E_0x55b5d168acc0;
    %load/vec4 v0x55b5d169a8f0_0;
    %addi 1, 0, 24;
    %assign/vec4 v0x55b5d169a8f0_0, 0;
    %load/vec4 v0x55b5d169a8f0_0;
    %pad/u 32;
    %cmpi/e 13500000, 0, 32;
    %jmp/0xz  T_1.0, 4;
    %pushi/vec4 0, 0, 24;
    %assign/vec4 v0x55b5d169a8f0_0, 0;
    %load/vec4 v0x55b5d169aac0_0;
    %addi 1, 0, 6;
    %assign/vec4 v0x55b5d169aac0_0, 0;
T_1.0 ;
    %jmp T_1;
    .thread T_1;
# The file index is used to find the file name in the following table.
:file_names 3;
    "N/A";
    "<interactive>";
    "/home/jakobsen/work/asic/tangnano/hello/counter.v";
